# JRE version: OpenJDK Runtime Environment (11.0.2+9) (build 11.0.2+9)
# Java VM: OpenJDK 64-Bit Server VM (11.0.2+9, mixed mode, tiered, compressed oops, g1 gc, windows-amd64)
Heap:
 garbage-first heap   total 312320K, used 127953K [0x0000000703200000, 0x0000000800000000)
  region size 1024K, 119 young (121856K), 14 survivors (14336K)
 Metaspace       used 64919K, capacity 66794K, committed 67108K, reserved 1107968K
  class space    used 8569K, capacity 9314K, committed 9392K, reserved 1048576K
GC Heap History (10 events):
Event: 2.474 GC heap before
{Heap before GC invocations=5 (full 0):
 garbage-first heap   total 260096K, used 160570K [0x0000000703200000, 0x0000000800000000)
  region size 1024K, 152 young (155648K), 4 survivors (4096K)
 Metaspace       used 32120K, capacity 33208K, committed 33328K, reserved 1079296K
  class space    used 3907K, capacity 4318K, committed 4400K, reserved 1048576K
}
Event: 2.479 GC heap after
{Heap after GC invocations=6 (full 0):
 garbage-first heap   total 260096K, used 12625K [0x0000000703200000, 0x0000000800000000)
  region size 1024K, 6 young (6144K), 6 survivors (6144K)
 Metaspace       used 32120K, capacity 33208K, committed 33328K, reserved 1079296K
  class space    used 3907K, capacity 4318K, committed 4400K, reserved 1048576K
}
Event: 2.747 GC heap before
{Heap before GC invocations=6 (full 0):
 garbage-first heap   total 260096K, used 46417K [0x0000000703200000, 0x0000000800000000)
  region size 1024K, 40 young (40960K), 6 survivors (6144K)
 Metaspace       used 34504K, capacity 35574K, committed 35708K, reserved 1081344K
  class space    used 4250K, capacity 4694K, committed 4784K, reserved 1048576K
}
Event: 2.760 GC heap after
{Heap after GC invocations=7 (full 0):
 garbage-first heap   total 260096K, used 13895K [0x0000000703200000, 0x0000000800000000)
  region size 1024K, 7 young (7168K), 7 survivors (7168K)
 Metaspace       used 34504K, capacity 35574K, committed 35708K, reserved 1081344K
  class space    used 4250K, capacity 4694K, committed 4784K, reserved 1048576K
}
Event: 3.828 GC heap before
{Heap before GC invocations=8 (full 0):
 garbage-first heap   total 260096K, used 161351K [0x0000000703200000, 0x0000000800000000)
  region size 1024K, 152 young (155648K), 7 survivors (7168K)
 Metaspace       used 43108K, capacity 44442K, committed 44540K, reserved 1087488K
  class space    used 5328K, capacity 5864K, committed 5936K, reserved 1048576K
}
Event: 3.836 GC heap after
{Heap after GC invocations=9 (full 0):
 garbage-first heap   total 312320K, used 17347K [0x0000000703200000, 0x0000000800000000)
  region size 1024K, 11 young (11264K), 11 survivors (11264K)
 Metaspace       used 43108K, capacity 44442K, committed 44540K, reserved 1087488K
  class space    used 5328K, capacity 5864K, committed 5936K, reserved 1048576K
}
Event: 5.215 GC heap before
{Heap before GC invocations=9 (full 0):
 garbage-first heap   total 312320K, used 193475K [0x0000000703200000, 0x0000000800000000)
  region size 1024K, 183 young (187392K), 11 survivors (11264K)
 Metaspace       used 55488K, capacity 56909K, committed 57084K, reserved 1097728K
  class space    used 7297K, capacity 7877K, committed 7984K, reserved 1048576K
}
Event: 5.225 GC heap after
{Heap after GC invocations=10 (full 0):
 garbage-first heap   total 312320K, used 19527K [0x0000000703200000, 0x0000000800000000)
  region size 1024K, 13 young (13312K), 13 survivors (13312K)
 Metaspace       used 55488K, capacity 56909K, committed 57084K, reserved 1097728K
  class space    used 7297K, capacity 7877K, committed 7984K, reserved 1048576K
}
Event: 5.561 GC heap before
{Heap before GC invocations=10 (full 0):
 garbage-first heap   total 312320K, used 63559K [0x0000000703200000, 0x0000000800000000)
  region size 1024K, 57 young (58368K), 13 survivors (13312K)
 Metaspace       used 58193K, capacity 59815K, committed 59940K, reserved 1101824K
  class space    used 7668K, capacity 8314K, committed 8368K, reserved 1048576K
}
Event: 5.578 GC heap after
{Heap after GC invocations=11 (full 0):
 garbage-first heap   total 312320K, used 21457K [0x0000000703200000, 0x0000000800000000)
  region size 1024K, 14 young (14336K), 14 survivors (14336K)
 Metaspace       used 58193K, capacity 59815K, committed 59940K, reserved 1101824K
  class space    used 7668K, capacity 8314K, committed 8368K, reserved 1048576K
}

